2019-08-17 09:49:20,753 0      [           main] DEBUG ache.ibatis.logging.LogFactory  - Logging initialized using 'class org.apache.ibatis.logging.log4j.Log4jImpl' adapter.
2019-08-17 09:49:20,908 155    [           main] DEBUG source.pooled.PooledDataSource  - PooledDataSource forcefully closed/removed all connections.
2019-08-17 09:49:20,908 155    [           main] DEBUG source.pooled.PooledDataSource  - PooledDataSource forcefully closed/removed all connections.
2019-08-17 09:49:20,908 155    [           main] DEBUG source.pooled.PooledDataSource  - PooledDataSource forcefully closed/removed all connections.
2019-08-17 09:49:20,908 155    [           main] DEBUG source.pooled.PooledDataSource  - PooledDataSource forcefully closed/removed all connections.
2019-08-17 09:49:20,959 206    [           main] DEBUG ansaction.jdbc.JdbcTransaction  - Opening JDBC Connection
2019-08-17 09:49:21,800 1047   [           main] DEBUG source.pooled.PooledDataSource  - Created connection 69062746.
2019-08-17 09:49:21,800 1047   [           main] DEBUG ansaction.jdbc.JdbcTransaction  - Setting autocommit to false on JDBC Connection [com.mysql.cj.jdbc.ConnectionImpl@41dd05a]
2019-08-17 09:49:21,806 1053   [           main] DEBUG           dao.UserDao.findById  - ==>  Preparing: select * from user where id = ? 
2019-08-17 09:49:21,864 1111   [           main] DEBUG           dao.UserDao.findById  - ==> Parameters: 41(Integer)
2019-08-17 09:49:21,918 1165   [           main] DEBUG           dao.UserDao.findById  - <==      Total: 1
2019-08-17 09:49:21,932 1179   [           main] DEBUG ansaction.jdbc.JdbcTransaction  - Resetting autocommit to true on JDBC Connection [com.mysql.cj.jdbc.ConnectionImpl@41dd05a]
2019-08-17 09:49:21,934 1181   [           main] DEBUG ansaction.jdbc.JdbcTransaction  - Closing JDBC Connection [com.mysql.cj.jdbc.ConnectionImpl@41dd05a]
2019-08-17 09:49:21,934 1181   [           main] DEBUG source.pooled.PooledDataSource  - Returned connection 69062746 to pool.
2019-08-17 09:50:24,136 0      [           main] DEBUG ache.ibatis.logging.LogFactory  - Logging initialized using 'class org.apache.ibatis.logging.log4j.Log4jImpl' adapter.
2019-08-17 09:50:24,241 105    [           main] DEBUG source.pooled.PooledDataSource  - PooledDataSource forcefully closed/removed all connections.
2019-08-17 09:50:24,241 105    [           main] DEBUG source.pooled.PooledDataSource  - PooledDataSource forcefully closed/removed all connections.
2019-08-17 09:50:24,242 106    [           main] DEBUG source.pooled.PooledDataSource  - PooledDataSource forcefully closed/removed all connections.
2019-08-17 09:50:24,242 106    [           main] DEBUG source.pooled.PooledDataSource  - PooledDataSource forcefully closed/removed all connections.
2019-08-17 09:50:24,300 164    [           main] DEBUG ansaction.jdbc.JdbcTransaction  - Opening JDBC Connection
2019-08-17 09:50:25,039 903    [           main] DEBUG source.pooled.PooledDataSource  - Created connection 69062746.
2019-08-17 09:50:25,039 903    [           main] DEBUG ansaction.jdbc.JdbcTransaction  - Setting autocommit to false on JDBC Connection [com.mysql.cj.jdbc.ConnectionImpl@41dd05a]
2019-08-17 09:50:25,043 907    [           main] DEBUG            dao.UserDao.findAll  - ==>  Preparing: select * from user 
2019-08-17 09:50:25,086 950    [           main] DEBUG            dao.UserDao.findAll  - ==> Parameters: 
2019-08-17 09:50:25,137 1001   [           main] DEBUG            dao.UserDao.findAll  - <==      Total: 6
2019-08-17 09:50:25,146 1010   [           main] DEBUG ansaction.jdbc.JdbcTransaction  - Resetting autocommit to true on JDBC Connection [com.mysql.cj.jdbc.ConnectionImpl@41dd05a]
2019-08-17 09:50:25,148 1012   [           main] DEBUG ansaction.jdbc.JdbcTransaction  - Closing JDBC Connection [com.mysql.cj.jdbc.ConnectionImpl@41dd05a]
2019-08-17 09:50:25,148 1012   [           main] DEBUG source.pooled.PooledDataSource  - Returned connection 69062746 to pool.
2019-08-17 09:55:36,758 0      [           main] DEBUG ache.ibatis.logging.LogFactory  - Logging initialized using 'class org.apache.ibatis.logging.log4j.Log4jImpl' adapter.
2019-08-17 09:55:36,879 121    [           main] DEBUG source.pooled.PooledDataSource  - PooledDataSource forcefully closed/removed all connections.
2019-08-17 09:55:36,879 121    [           main] DEBUG source.pooled.PooledDataSource  - PooledDataSource forcefully closed/removed all connections.
2019-08-17 09:55:36,879 121    [           main] DEBUG source.pooled.PooledDataSource  - PooledDataSource forcefully closed/removed all connections.
2019-08-17 09:55:36,880 122    [           main] DEBUG source.pooled.PooledDataSource  - PooledDataSource forcefully closed/removed all connections.
2019-08-17 09:57:11,994 0      [           main] DEBUG ache.ibatis.logging.LogFactory  - Logging initialized using 'class org.apache.ibatis.logging.log4j.Log4jImpl' adapter.
2019-08-17 09:57:12,113 119    [           main] DEBUG source.pooled.PooledDataSource  - PooledDataSource forcefully closed/removed all connections.
2019-08-17 09:57:12,113 119    [           main] DEBUG source.pooled.PooledDataSource  - PooledDataSource forcefully closed/removed all connections.
2019-08-17 09:57:12,113 119    [           main] DEBUG source.pooled.PooledDataSource  - PooledDataSource forcefully closed/removed all connections.
2019-08-17 09:57:12,114 120    [           main] DEBUG source.pooled.PooledDataSource  - PooledDataSource forcefully closed/removed all connections.
2019-08-17 09:57:12,161 167    [           main] DEBUG ansaction.jdbc.JdbcTransaction  - Opening JDBC Connection
2019-08-17 09:57:12,975 981    [           main] DEBUG source.pooled.PooledDataSource  - Created connection 1896074070.
2019-08-17 09:57:12,976 982    [           main] DEBUG ansaction.jdbc.JdbcTransaction  - Setting autocommit to false on JDBC Connection [com.mysql.cj.jdbc.ConnectionImpl@7103cb56]
2019-08-17 09:57:12,981 987    [           main] DEBUG         dao.UserDao.findByName  - ==>  Preparing: select * from user where name like ? 
2019-08-17 09:57:13,051 1057   [           main] DEBUG         dao.UserDao.findByName  - ==> Parameters: %王%(String)
2019-08-17 09:57:13,078 1084   [           main] DEBUG ansaction.jdbc.JdbcTransaction  - Resetting autocommit to true on JDBC Connection [com.mysql.cj.jdbc.ConnectionImpl@7103cb56]
2019-08-17 09:57:13,080 1086   [           main] DEBUG ansaction.jdbc.JdbcTransaction  - Closing JDBC Connection [com.mysql.cj.jdbc.ConnectionImpl@7103cb56]
2019-08-17 09:57:13,080 1086   [           main] DEBUG source.pooled.PooledDataSource  - Returned connection 1896074070 to pool.
2019-08-17 09:57:51,634 1      [           main] DEBUG ache.ibatis.logging.LogFactory  - Logging initialized using 'class org.apache.ibatis.logging.log4j.Log4jImpl' adapter.
2019-08-17 09:57:51,751 118    [           main] DEBUG source.pooled.PooledDataSource  - PooledDataSource forcefully closed/removed all connections.
2019-08-17 09:57:51,751 118    [           main] DEBUG source.pooled.PooledDataSource  - PooledDataSource forcefully closed/removed all connections.
2019-08-17 09:57:51,751 118    [           main] DEBUG source.pooled.PooledDataSource  - PooledDataSource forcefully closed/removed all connections.
2019-08-17 09:57:51,751 118    [           main] DEBUG source.pooled.PooledDataSource  - PooledDataSource forcefully closed/removed all connections.
2019-08-17 09:57:51,792 159    [           main] DEBUG ansaction.jdbc.JdbcTransaction  - Opening JDBC Connection
2019-08-17 09:57:52,542 909    [           main] DEBUG source.pooled.PooledDataSource  - Created connection 1896074070.
2019-08-17 09:57:52,542 909    [           main] DEBUG ansaction.jdbc.JdbcTransaction  - Setting autocommit to false on JDBC Connection [com.mysql.cj.jdbc.ConnectionImpl@7103cb56]
2019-08-17 09:57:52,548 915    [           main] DEBUG         dao.UserDao.findByName  - ==>  Preparing: select * from user where name like ? 
2019-08-17 09:57:52,607 974    [           main] DEBUG         dao.UserDao.findByName  - ==> Parameters: 王(String)
2019-08-17 09:57:52,619 986    [           main] DEBUG ansaction.jdbc.JdbcTransaction  - Resetting autocommit to true on JDBC Connection [com.mysql.cj.jdbc.ConnectionImpl@7103cb56]
2019-08-17 09:57:52,621 988    [           main] DEBUG ansaction.jdbc.JdbcTransaction  - Closing JDBC Connection [com.mysql.cj.jdbc.ConnectionImpl@7103cb56]
2019-08-17 09:57:52,621 988    [           main] DEBUG source.pooled.PooledDataSource  - Returned connection 1896074070 to pool.
2019-08-17 10:02:24,973 0      [           main] DEBUG ache.ibatis.logging.LogFactory  - Logging initialized using 'class org.apache.ibatis.logging.log4j.Log4jImpl' adapter.
2019-08-17 10:02:25,086 113    [           main] DEBUG source.pooled.PooledDataSource  - PooledDataSource forcefully closed/removed all connections.
2019-08-17 10:02:25,087 114    [           main] DEBUG source.pooled.PooledDataSource  - PooledDataSource forcefully closed/removed all connections.
2019-08-17 10:02:25,087 114    [           main] DEBUG source.pooled.PooledDataSource  - PooledDataSource forcefully closed/removed all connections.
2019-08-17 10:02:25,087 114    [           main] DEBUG source.pooled.PooledDataSource  - PooledDataSource forcefully closed/removed all connections.
2019-08-17 10:02:25,140 167    [           main] DEBUG ansaction.jdbc.JdbcTransaction  - Opening JDBC Connection
2019-08-17 10:02:25,879 906    [           main] DEBUG source.pooled.PooledDataSource  - Created connection 1896074070.
2019-08-17 10:02:25,879 906    [           main] DEBUG ansaction.jdbc.JdbcTransaction  - Setting autocommit to false on JDBC Connection [com.mysql.cj.jdbc.ConnectionImpl@7103cb56]
2019-08-17 10:02:25,883 910    [           main] DEBUG         dao.UserDao.findByName  - ==>  Preparing: select * from user where username like ? 
2019-08-17 10:02:25,932 959    [           main] DEBUG         dao.UserDao.findByName  - ==> Parameters: 王(String)
2019-08-17 10:02:25,977 1004   [           main] DEBUG         dao.UserDao.findByName  - <==      Total: 0
2019-08-17 10:02:25,980 1007   [           main] DEBUG ansaction.jdbc.JdbcTransaction  - Resetting autocommit to true on JDBC Connection [com.mysql.cj.jdbc.ConnectionImpl@7103cb56]
2019-08-17 10:02:25,982 1009   [           main] DEBUG ansaction.jdbc.JdbcTransaction  - Closing JDBC Connection [com.mysql.cj.jdbc.ConnectionImpl@7103cb56]
2019-08-17 10:02:25,983 1010   [           main] DEBUG source.pooled.PooledDataSource  - Returned connection 1896074070 to pool.
2019-08-17 10:02:44,976 0      [           main] DEBUG ache.ibatis.logging.LogFactory  - Logging initialized using 'class org.apache.ibatis.logging.log4j.Log4jImpl' adapter.
2019-08-17 10:02:45,076 100    [           main] DEBUG source.pooled.PooledDataSource  - PooledDataSource forcefully closed/removed all connections.
2019-08-17 10:02:45,077 101    [           main] DEBUG source.pooled.PooledDataSource  - PooledDataSource forcefully closed/removed all connections.
2019-08-17 10:02:45,077 101    [           main] DEBUG source.pooled.PooledDataSource  - PooledDataSource forcefully closed/removed all connections.
2019-08-17 10:02:45,077 101    [           main] DEBUG source.pooled.PooledDataSource  - PooledDataSource forcefully closed/removed all connections.
2019-08-17 10:02:45,125 149    [           main] DEBUG ansaction.jdbc.JdbcTransaction  - Opening JDBC Connection
2019-08-17 10:02:45,954 978    [           main] DEBUG source.pooled.PooledDataSource  - Created connection 69062746.
2019-08-17 10:02:45,955 979    [           main] DEBUG ansaction.jdbc.JdbcTransaction  - Setting autocommit to false on JDBC Connection [com.mysql.cj.jdbc.ConnectionImpl@41dd05a]
2019-08-17 10:02:45,959 983    [           main] DEBUG         dao.UserDao.findByName  - ==>  Preparing: select * from user where username like ? 
2019-08-17 10:02:46,017 1041   [           main] DEBUG         dao.UserDao.findByName  - ==> Parameters: %王%(String)
2019-08-17 10:02:46,081 1105   [           main] DEBUG         dao.UserDao.findByName  - <==      Total: 4
2019-08-17 10:02:46,096 1120   [           main] DEBUG ansaction.jdbc.JdbcTransaction  - Resetting autocommit to true on JDBC Connection [com.mysql.cj.jdbc.ConnectionImpl@41dd05a]
2019-08-17 10:02:46,098 1122   [           main] DEBUG ansaction.jdbc.JdbcTransaction  - Closing JDBC Connection [com.mysql.cj.jdbc.ConnectionImpl@41dd05a]
2019-08-17 10:02:46,098 1122   [           main] DEBUG source.pooled.PooledDataSource  - Returned connection 69062746 to pool.
2019-08-17 10:05:14,950 0      [           main] DEBUG ache.ibatis.logging.LogFactory  - Logging initialized using 'class org.apache.ibatis.logging.log4j.Log4jImpl' adapter.
2019-08-17 10:05:15,056 106    [           main] DEBUG source.pooled.PooledDataSource  - PooledDataSource forcefully closed/removed all connections.
2019-08-17 10:05:15,056 106    [           main] DEBUG source.pooled.PooledDataSource  - PooledDataSource forcefully closed/removed all connections.
2019-08-17 10:05:15,056 106    [           main] DEBUG source.pooled.PooledDataSource  - PooledDataSource forcefully closed/removed all connections.
2019-08-17 10:05:15,056 106    [           main] DEBUG source.pooled.PooledDataSource  - PooledDataSource forcefully closed/removed all connections.
2019-08-17 10:05:15,118 168    [           main] DEBUG ansaction.jdbc.JdbcTransaction  - Opening JDBC Connection
2019-08-17 10:05:15,879 929    [           main] DEBUG source.pooled.PooledDataSource  - Created connection 1643141512.
2019-08-17 10:05:15,879 929    [           main] DEBUG ansaction.jdbc.JdbcTransaction  - Setting autocommit to false on JDBC Connection [com.mysql.cj.jdbc.ConnectionImpl@61f05988]
2019-08-17 10:05:15,884 934    [           main] DEBUG          dao.UserDao.findTotal  - ==>  Preparing: select count(id) from user 
2019-08-17 10:05:15,935 985    [           main] DEBUG          dao.UserDao.findTotal  - ==> Parameters: 
2019-08-17 10:05:15,986 1036   [           main] DEBUG          dao.UserDao.findTotal  - <==      Total: 1
2019-08-17 10:05:15,988 1038   [           main] DEBUG ansaction.jdbc.JdbcTransaction  - Resetting autocommit to true on JDBC Connection [com.mysql.cj.jdbc.ConnectionImpl@61f05988]
2019-08-17 10:05:15,991 1041   [           main] DEBUG ansaction.jdbc.JdbcTransaction  - Closing JDBC Connection [com.mysql.cj.jdbc.ConnectionImpl@61f05988]
2019-08-17 10:05:15,991 1041   [           main] DEBUG source.pooled.PooledDataSource  - Returned connection 1643141512 to pool.
2019-08-17 10:12:21,502 1      [           main] DEBUG ache.ibatis.logging.LogFactory  - Logging initialized using 'class org.apache.ibatis.logging.log4j.Log4jImpl' adapter.
2019-08-17 10:12:21,626 125    [           main] DEBUG source.pooled.PooledDataSource  - PooledDataSource forcefully closed/removed all connections.
2019-08-17 10:12:21,626 125    [           main] DEBUG source.pooled.PooledDataSource  - PooledDataSource forcefully closed/removed all connections.
2019-08-17 10:12:21,626 125    [           main] DEBUG source.pooled.PooledDataSource  - PooledDataSource forcefully closed/removed all connections.
2019-08-17 10:12:21,626 125    [           main] DEBUG source.pooled.PooledDataSource  - PooledDataSource forcefully closed/removed all connections.
2019-08-17 10:12:21,673 172    [           main] DEBUG ansaction.jdbc.JdbcTransaction  - Opening JDBC Connection
2019-08-17 10:12:22,421 920    [           main] DEBUG source.pooled.PooledDataSource  - Created connection 69062746.
2019-08-17 10:12:22,421 920    [           main] DEBUG ansaction.jdbc.JdbcTransaction  - Setting autocommit to false on JDBC Connection [com.mysql.cj.jdbc.ConnectionImpl@41dd05a]
2019-08-17 10:12:22,426 925    [           main] DEBUG           dao.UserDao.findById  - ==>  Preparing: select * from user where id = ? 
2019-08-17 10:12:22,492 991    [           main] DEBUG           dao.UserDao.findById  - ==> Parameters: 41(Integer)
2019-08-17 10:12:22,544 1043   [           main] DEBUG           dao.UserDao.findById  - <==      Total: 1
2019-08-17 10:12:22,547 1046   [           main] DEBUG         dao.UserDao.updateUser  - ==>  Preparing: update user set username=?,birthday=?,sex=?,address=? where id=? 
2019-08-17 10:12:22,555 1054   [           main] DEBUG         dao.UserDao.updateUser  - ==> Parameters: 老王(String), 2018-02-28 01:47:08.0(Timestamp), 男(String), 北京(String), 41(Long)
2019-08-17 10:12:22,559 1058   [           main] DEBUG         dao.UserDao.updateUser  - <==    Updates: 1
2019-08-17 10:12:22,559 1058   [           main] DEBUG ansaction.jdbc.JdbcTransaction  - Committing JDBC Connection [com.mysql.cj.jdbc.ConnectionImpl@41dd05a]
2019-08-17 10:12:22,620 1119   [           main] DEBUG ansaction.jdbc.JdbcTransaction  - Resetting autocommit to true on JDBC Connection [com.mysql.cj.jdbc.ConnectionImpl@41dd05a]
2019-08-17 10:12:22,622 1121   [           main] DEBUG ansaction.jdbc.JdbcTransaction  - Closing JDBC Connection [com.mysql.cj.jdbc.ConnectionImpl@41dd05a]
2019-08-17 10:12:22,622 1121   [           main] DEBUG source.pooled.PooledDataSource  - Returned connection 69062746 to pool.
2019-08-17 10:12:36,056 0      [           main] DEBUG ache.ibatis.logging.LogFactory  - Logging initialized using 'class org.apache.ibatis.logging.log4j.Log4jImpl' adapter.
2019-08-17 10:12:36,166 110    [           main] DEBUG source.pooled.PooledDataSource  - PooledDataSource forcefully closed/removed all connections.
2019-08-17 10:12:36,166 110    [           main] DEBUG source.pooled.PooledDataSource  - PooledDataSource forcefully closed/removed all connections.
2019-08-17 10:12:36,166 110    [           main] DEBUG source.pooled.PooledDataSource  - PooledDataSource forcefully closed/removed all connections.
2019-08-17 10:12:36,166 110    [           main] DEBUG source.pooled.PooledDataSource  - PooledDataSource forcefully closed/removed all connections.
2019-08-17 10:12:36,212 156    [           main] DEBUG ansaction.jdbc.JdbcTransaction  - Opening JDBC Connection
2019-08-17 10:12:36,938 882    [           main] DEBUG source.pooled.PooledDataSource  - Created connection 69062746.
2019-08-17 10:12:36,939 883    [           main] DEBUG ansaction.jdbc.JdbcTransaction  - Setting autocommit to false on JDBC Connection [com.mysql.cj.jdbc.ConnectionImpl@41dd05a]
2019-08-17 10:12:36,944 888    [           main] DEBUG           dao.UserDao.findById  - ==>  Preparing: select * from user where id = ? 
2019-08-17 10:12:36,995 939    [           main] DEBUG           dao.UserDao.findById  - ==> Parameters: 41(Integer)
2019-08-17 10:12:37,046 990    [           main] DEBUG           dao.UserDao.findById  - <==      Total: 1
2019-08-17 10:12:37,049 993    [           main] DEBUG         dao.UserDao.updateUser  - ==>  Preparing: update user set username=?,birthday=?,sex=?,address=? where id=? 
2019-08-17 10:12:37,054 998    [           main] DEBUG         dao.UserDao.updateUser  - ==> Parameters: 老王(String), 2018-02-28 01:47:08.0(Timestamp), 男(String), 北京(String), 41(Long)
2019-08-17 10:12:37,057 1001   [           main] DEBUG         dao.UserDao.updateUser  - <==    Updates: 1
2019-08-17 10:12:37,057 1001   [           main] DEBUG ansaction.jdbc.JdbcTransaction  - Committing JDBC Connection [com.mysql.cj.jdbc.ConnectionImpl@41dd05a]
2019-08-17 10:12:37,088 1032   [           main] DEBUG ansaction.jdbc.JdbcTransaction  - Resetting autocommit to true on JDBC Connection [com.mysql.cj.jdbc.ConnectionImpl@41dd05a]
2019-08-17 10:12:37,090 1034   [           main] DEBUG ansaction.jdbc.JdbcTransaction  - Closing JDBC Connection [com.mysql.cj.jdbc.ConnectionImpl@41dd05a]
2019-08-17 10:12:37,091 1035   [           main] DEBUG source.pooled.PooledDataSource  - Returned connection 69062746 to pool.
2019-08-17 10:13:36,324 0      [           main] DEBUG ache.ibatis.logging.LogFactory  - Logging initialized using 'class org.apache.ibatis.logging.log4j.Log4jImpl' adapter.
2019-08-17 10:13:36,426 102    [           main] DEBUG source.pooled.PooledDataSource  - PooledDataSource forcefully closed/removed all connections.
2019-08-17 10:13:36,426 102    [           main] DEBUG source.pooled.PooledDataSource  - PooledDataSource forcefully closed/removed all connections.
2019-08-17 10:13:36,426 102    [           main] DEBUG source.pooled.PooledDataSource  - PooledDataSource forcefully closed/removed all connections.
2019-08-17 10:13:36,427 103    [           main] DEBUG source.pooled.PooledDataSource  - PooledDataSource forcefully closed/removed all connections.
2019-08-17 10:13:36,480 156    [           main] DEBUG ansaction.jdbc.JdbcTransaction  - Opening JDBC Connection
2019-08-17 10:13:37,280 956    [           main] DEBUG source.pooled.PooledDataSource  - Created connection 1799230133.
2019-08-17 10:13:37,280 956    [           main] DEBUG ansaction.jdbc.JdbcTransaction  - Setting autocommit to false on JDBC Connection [com.mysql.cj.jdbc.ConnectionImpl@6b3e12b5]
2019-08-17 10:13:37,285 961    [           main] DEBUG         dao.UserDao.deleteUser  - ==>  Preparing: delete from user where id = ?; 
2019-08-17 10:13:37,338 1014   [           main] DEBUG         dao.UserDao.deleteUser  - ==> Parameters: 42(Integer)
2019-08-17 10:13:37,344 1020   [           main] DEBUG         dao.UserDao.deleteUser  - <==    Updates: 1
2019-08-17 10:13:37,345 1021   [           main] DEBUG ansaction.jdbc.JdbcTransaction  - Committing JDBC Connection [com.mysql.cj.jdbc.ConnectionImpl@6b3e12b5]
2019-08-17 10:13:37,437 1113   [           main] DEBUG ansaction.jdbc.JdbcTransaction  - Resetting autocommit to true on JDBC Connection [com.mysql.cj.jdbc.ConnectionImpl@6b3e12b5]
2019-08-17 10:13:37,439 1115   [           main] DEBUG ansaction.jdbc.JdbcTransaction  - Closing JDBC Connection [com.mysql.cj.jdbc.ConnectionImpl@6b3e12b5]
2019-08-17 10:13:37,439 1115   [           main] DEBUG source.pooled.PooledDataSource  - Returned connection 1799230133 to pool.
2019-08-17 11:15:20,970 0      [           main] DEBUG ache.ibatis.logging.LogFactory  - Logging initialized using 'class org.apache.ibatis.logging.log4j.Log4jImpl' adapter.
2019-08-17 11:15:21,097 127    [           main] DEBUG source.pooled.PooledDataSource  - PooledDataSource forcefully closed/removed all connections.
2019-08-17 11:15:21,097 127    [           main] DEBUG source.pooled.PooledDataSource  - PooledDataSource forcefully closed/removed all connections.
2019-08-17 11:15:21,097 127    [           main] DEBUG source.pooled.PooledDataSource  - PooledDataSource forcefully closed/removed all connections.
2019-08-17 11:15:21,098 128    [           main] DEBUG source.pooled.PooledDataSource  - PooledDataSource forcefully closed/removed all connections.
2019-08-17 11:15:21,140 170    [           main] DEBUG ansaction.jdbc.JdbcTransaction  - Opening JDBC Connection
2019-08-17 11:15:21,985 1015   [           main] DEBUG source.pooled.PooledDataSource  - Created connection 806813022.
2019-08-17 11:15:21,986 1016   [           main] DEBUG ansaction.jdbc.JdbcTransaction  - Setting autocommit to false on JDBC Connection [com.mysql.cj.jdbc.ConnectionImpl@3016fd5e]
2019-08-17 11:15:21,996 1026   [           main] DEBUG           dao.UserDao.saveUser  - ==>  Preparing: insert into user(username,birthday,sex,address)values(?,?,?,? 
2019-08-17 11:15:22,064 1094   [           main] DEBUG           dao.UserDao.saveUser  - ==> Parameters: 老李(String), 2019-08-17 11:15:21.132(Timestamp), 男(String), 上海(String)
2019-08-17 11:15:22,082 1112   [           main] DEBUG ansaction.jdbc.JdbcTransaction  - Committing JDBC Connection [com.mysql.cj.jdbc.ConnectionImpl@3016fd5e]
2019-08-17 11:15:22,084 1114   [           main] DEBUG ansaction.jdbc.JdbcTransaction  - Resetting autocommit to true on JDBC Connection [com.mysql.cj.jdbc.ConnectionImpl@3016fd5e]
2019-08-17 11:15:22,085 1115   [           main] DEBUG ansaction.jdbc.JdbcTransaction  - Closing JDBC Connection [com.mysql.cj.jdbc.ConnectionImpl@3016fd5e]
2019-08-17 11:15:22,085 1115   [           main] DEBUG source.pooled.PooledDataSource  - Returned connection 806813022 to pool.
2019-08-17 11:16:17,678 0      [           main] DEBUG ache.ibatis.logging.LogFactory  - Logging initialized using 'class org.apache.ibatis.logging.log4j.Log4jImpl' adapter.
2019-08-17 11:16:17,804 126    [           main] DEBUG source.pooled.PooledDataSource  - PooledDataSource forcefully closed/removed all connections.
2019-08-17 11:16:17,804 126    [           main] DEBUG source.pooled.PooledDataSource  - PooledDataSource forcefully closed/removed all connections.
2019-08-17 11:16:17,804 126    [           main] DEBUG source.pooled.PooledDataSource  - PooledDataSource forcefully closed/removed all connections.
2019-08-17 11:16:17,805 127    [           main] DEBUG source.pooled.PooledDataSource  - PooledDataSource forcefully closed/removed all connections.
2019-08-17 11:16:17,846 168    [           main] DEBUG ansaction.jdbc.JdbcTransaction  - Opening JDBC Connection
2019-08-17 11:16:18,596 918    [           main] DEBUG source.pooled.PooledDataSource  - Created connection 902860396.
2019-08-17 11:16:18,597 919    [           main] DEBUG ansaction.jdbc.JdbcTransaction  - Setting autocommit to false on JDBC Connection [com.mysql.cj.jdbc.ConnectionImpl@35d08e6c]
2019-08-17 11:16:18,602 924    [           main] DEBUG           dao.UserDao.saveUser  - ==>  Preparing: insert into user(username,birthday,sex,address)values(?,?,?,? 
2019-08-17 11:16:18,699 1021   [           main] DEBUG           dao.UserDao.saveUser  - ==> Parameters: 老李(String), 2019-08-17 11:16:17.838(Timestamp), 男(String), 上海(String)
2019-08-17 11:16:18,721 1043   [           main] DEBUG ansaction.jdbc.JdbcTransaction  - Committing JDBC Connection [com.mysql.cj.jdbc.ConnectionImpl@35d08e6c]
2019-08-17 11:16:18,724 1046   [           main] DEBUG ansaction.jdbc.JdbcTransaction  - Resetting autocommit to true on JDBC Connection [com.mysql.cj.jdbc.ConnectionImpl@35d08e6c]
2019-08-17 11:16:18,726 1048   [           main] DEBUG ansaction.jdbc.JdbcTransaction  - Closing JDBC Connection [com.mysql.cj.jdbc.ConnectionImpl@35d08e6c]
2019-08-17 11:16:18,726 1048   [           main] DEBUG source.pooled.PooledDataSource  - Returned connection 902860396 to pool.
2019-08-17 11:19:28,827 0      [           main] DEBUG ache.ibatis.logging.LogFactory  - Logging initialized using 'class org.apache.ibatis.logging.log4j.Log4jImpl' adapter.
2019-08-17 11:19:28,950 123    [           main] DEBUG source.pooled.PooledDataSource  - PooledDataSource forcefully closed/removed all connections.
2019-08-17 11:19:28,950 123    [           main] DEBUG source.pooled.PooledDataSource  - PooledDataSource forcefully closed/removed all connections.
2019-08-17 11:19:28,950 123    [           main] DEBUG source.pooled.PooledDataSource  - PooledDataSource forcefully closed/removed all connections.
2019-08-17 11:19:28,950 123    [           main] DEBUG source.pooled.PooledDataSource  - PooledDataSource forcefully closed/removed all connections.
2019-08-17 11:19:28,995 168    [           main] DEBUG ansaction.jdbc.JdbcTransaction  - Opening JDBC Connection
2019-08-17 11:19:29,858 1031   [           main] DEBUG source.pooled.PooledDataSource  - Created connection 902860396.
2019-08-17 11:19:29,858 1031   [           main] DEBUG ansaction.jdbc.JdbcTransaction  - Setting autocommit to false on JDBC Connection [com.mysql.cj.jdbc.ConnectionImpl@35d08e6c]
2019-08-17 11:19:29,862 1035   [           main] DEBUG           dao.UserDao.saveUser  - ==>  Preparing: insert into user(username,birthday,sex,address)values(?,?,?,? 
2019-08-17 11:19:29,918 1091   [           main] DEBUG           dao.UserDao.saveUser  - ==> Parameters: modify User property(String), 2019-08-17 11:19:28.985(Timestamp), 男(String), 北京市顺义区(String)
2019-08-17 11:19:29,938 1111   [           main] DEBUG ansaction.jdbc.JdbcTransaction  - Committing JDBC Connection [com.mysql.cj.jdbc.ConnectionImpl@35d08e6c]
2019-08-17 11:19:29,940 1113   [           main] DEBUG ansaction.jdbc.JdbcTransaction  - Resetting autocommit to true on JDBC Connection [com.mysql.cj.jdbc.ConnectionImpl@35d08e6c]
2019-08-17 11:19:29,942 1115   [           main] DEBUG ansaction.jdbc.JdbcTransaction  - Closing JDBC Connection [com.mysql.cj.jdbc.ConnectionImpl@35d08e6c]
2019-08-17 11:19:29,943 1116   [           main] DEBUG source.pooled.PooledDataSource  - Returned connection 902860396 to pool.
2019-08-17 11:20:09,700 0      [           main] DEBUG ache.ibatis.logging.LogFactory  - Logging initialized using 'class org.apache.ibatis.logging.log4j.Log4jImpl' adapter.
2019-08-17 11:20:09,811 111    [           main] DEBUG source.pooled.PooledDataSource  - PooledDataSource forcefully closed/removed all connections.
2019-08-17 11:20:09,811 111    [           main] DEBUG source.pooled.PooledDataSource  - PooledDataSource forcefully closed/removed all connections.
2019-08-17 11:20:09,811 111    [           main] DEBUG source.pooled.PooledDataSource  - PooledDataSource forcefully closed/removed all connections.
2019-08-17 11:20:09,811 111    [           main] DEBUG source.pooled.PooledDataSource  - PooledDataSource forcefully closed/removed all connections.
2019-08-17 11:20:09,863 163    [           main] DEBUG ansaction.jdbc.JdbcTransaction  - Opening JDBC Connection
2019-08-17 11:20:10,754 1054   [           main] DEBUG source.pooled.PooledDataSource  - Created connection 1799230133.
2019-08-17 11:20:10,755 1055   [           main] DEBUG ansaction.jdbc.JdbcTransaction  - Setting autocommit to false on JDBC Connection [com.mysql.cj.jdbc.ConnectionImpl@6b3e12b5]
2019-08-17 11:20:10,764 1064   [           main] DEBUG           dao.UserDao.saveUser  - ==>  Preparing: insert into user(username,birthday,sex,address)values(?,?,?,?) 
2019-08-17 11:20:10,833 1133   [           main] DEBUG           dao.UserDao.saveUser  - ==> Parameters: 老李(String), 2019-08-17 11:20:09.853(Timestamp), 男(String), 上海(String)
2019-08-17 11:20:10,839 1139   [           main] DEBUG           dao.UserDao.saveUser  - <==    Updates: 1
2019-08-17 11:20:10,839 1139   [           main] DEBUG ansaction.jdbc.JdbcTransaction  - Committing JDBC Connection [com.mysql.cj.jdbc.ConnectionImpl@6b3e12b5]
2019-08-17 11:20:10,884 1184   [           main] DEBUG ansaction.jdbc.JdbcTransaction  - Resetting autocommit to true on JDBC Connection [com.mysql.cj.jdbc.ConnectionImpl@6b3e12b5]
2019-08-17 11:20:10,886 1186   [           main] DEBUG ansaction.jdbc.JdbcTransaction  - Closing JDBC Connection [com.mysql.cj.jdbc.ConnectionImpl@6b3e12b5]
2019-08-17 11:20:10,886 1186   [           main] DEBUG source.pooled.PooledDataSource  - Returned connection 1799230133 to pool.
2019-08-17 11:37:48,763 0      [           main] DEBUG ache.ibatis.logging.LogFactory  - Logging initialized using 'class org.apache.ibatis.logging.log4j.Log4jImpl' adapter.
2019-08-17 11:37:48,884 121    [           main] DEBUG source.pooled.PooledDataSource  - PooledDataSource forcefully closed/removed all connections.
2019-08-17 11:37:48,884 121    [           main] DEBUG source.pooled.PooledDataSource  - PooledDataSource forcefully closed/removed all connections.
2019-08-17 11:37:48,885 122    [           main] DEBUG source.pooled.PooledDataSource  - PooledDataSource forcefully closed/removed all connections.
2019-08-17 11:37:48,885 122    [           main] DEBUG source.pooled.PooledDataSource  - PooledDataSource forcefully closed/removed all connections.
2019-08-19 10:33:22,909 0      [           main] DEBUG ache.ibatis.logging.LogFactory  - Logging initialized using 'class org.apache.ibatis.logging.log4j.Log4jImpl' adapter.
2019-08-19 10:33:23,034 125    [           main] DEBUG source.pooled.PooledDataSource  - PooledDataSource forcefully closed/removed all connections.
2019-08-19 10:33:23,034 125    [           main] DEBUG source.pooled.PooledDataSource  - PooledDataSource forcefully closed/removed all connections.
2019-08-19 10:33:23,034 125    [           main] DEBUG source.pooled.PooledDataSource  - PooledDataSource forcefully closed/removed all connections.
2019-08-19 10:33:23,034 125    [           main] DEBUG source.pooled.PooledDataSource  - PooledDataSource forcefully closed/removed all connections.
2019-08-19 10:33:23,097 188    [           main] DEBUG ansaction.jdbc.JdbcTransaction  - Opening JDBC Connection
2019-08-19 10:33:24,073 1164   [           main] DEBUG source.pooled.PooledDataSource  - Created connection 1740826931.
2019-08-19 10:33:24,074 1165   [           main] DEBUG ansaction.jdbc.JdbcTransaction  - Setting autocommit to false on JDBC Connection [com.mysql.cj.jdbc.ConnectionImpl@67c2e933]
2019-08-19 10:33:24,079 1170   [           main] DEBUG         dao.UserDao.findByName  - ==>  Preparing: select * from user where username like ? 
2019-08-19 10:33:24,147 1238   [           main] DEBUG         dao.UserDao.findByName  - ==> Parameters: %王%(String)
2019-08-19 10:33:24,202 1293   [           main] DEBUG ansaction.jdbc.JdbcTransaction  - Resetting autocommit to true on JDBC Connection [com.mysql.cj.jdbc.ConnectionImpl@67c2e933]
2019-08-19 10:33:24,205 1296   [           main] DEBUG ansaction.jdbc.JdbcTransaction  - Closing JDBC Connection [com.mysql.cj.jdbc.ConnectionImpl@67c2e933]
2019-08-19 10:33:24,205 1296   [           main] DEBUG source.pooled.PooledDataSource  - Returned connection 1740826931 to pool.
2019-08-19 10:33:54,005 0      [           main] DEBUG ache.ibatis.logging.LogFactory  - Logging initialized using 'class org.apache.ibatis.logging.log4j.Log4jImpl' adapter.
2019-08-19 10:33:54,143 138    [           main] DEBUG source.pooled.PooledDataSource  - PooledDataSource forcefully closed/removed all connections.
2019-08-19 10:33:54,144 139    [           main] DEBUG source.pooled.PooledDataSource  - PooledDataSource forcefully closed/removed all connections.
2019-08-19 10:33:54,144 139    [           main] DEBUG source.pooled.PooledDataSource  - PooledDataSource forcefully closed/removed all connections.
2019-08-19 10:33:54,144 139    [           main] DEBUG source.pooled.PooledDataSource  - PooledDataSource forcefully closed/removed all connections.
2019-08-19 10:33:54,205 200    [           main] DEBUG ansaction.jdbc.JdbcTransaction  - Opening JDBC Connection
2019-08-19 10:33:55,204 1199   [           main] DEBUG source.pooled.PooledDataSource  - Created connection 69062746.
2019-08-19 10:33:55,204 1199   [           main] DEBUG ansaction.jdbc.JdbcTransaction  - Setting autocommit to false on JDBC Connection [com.mysql.cj.jdbc.ConnectionImpl@41dd05a]
2019-08-19 10:33:55,209 1204   [           main] DEBUG            dao.UserDao.findAll  - ==>  Preparing: select * from user 
2019-08-19 10:33:55,258 1253   [           main] DEBUG            dao.UserDao.findAll  - ==> Parameters: 
2019-08-19 10:33:55,310 1305   [           main] DEBUG ansaction.jdbc.JdbcTransaction  - Resetting autocommit to true on JDBC Connection [com.mysql.cj.jdbc.ConnectionImpl@41dd05a]
2019-08-19 10:33:55,327 1322   [           main] DEBUG ansaction.jdbc.JdbcTransaction  - Closing JDBC Connection [com.mysql.cj.jdbc.ConnectionImpl@41dd05a]
2019-08-19 10:33:55,327 1322   [           main] DEBUG source.pooled.PooledDataSource  - Returned connection 69062746 to pool.
2019-08-19 10:34:45,413 1      [           main] DEBUG ache.ibatis.logging.LogFactory  - Logging initialized using 'class org.apache.ibatis.logging.log4j.Log4jImpl' adapter.
2019-08-19 10:34:45,598 186    [           main] DEBUG source.pooled.PooledDataSource  - PooledDataSource forcefully closed/removed all connections.
2019-08-19 10:34:45,598 186    [           main] DEBUG source.pooled.PooledDataSource  - PooledDataSource forcefully closed/removed all connections.
2019-08-19 10:34:45,598 186    [           main] DEBUG source.pooled.PooledDataSource  - PooledDataSource forcefully closed/removed all connections.
2019-08-19 10:34:45,598 186    [           main] DEBUG source.pooled.PooledDataSource  - PooledDataSource forcefully closed/removed all connections.
2019-08-19 10:34:45,671 259    [           main] DEBUG ansaction.jdbc.JdbcTransaction  - Opening JDBC Connection
2019-08-19 10:34:46,614 1202   [           main] DEBUG source.pooled.PooledDataSource  - Created connection 69062746.
2019-08-19 10:34:46,615 1203   [           main] DEBUG ansaction.jdbc.JdbcTransaction  - Setting autocommit to false on JDBC Connection [com.mysql.cj.jdbc.ConnectionImpl@41dd05a]
2019-08-19 10:34:46,621 1209   [           main] DEBUG            dao.UserDao.findAll  - ==>  Preparing: select * from user 
2019-08-19 10:34:46,694 1282   [           main] DEBUG            dao.UserDao.findAll  - ==> Parameters: 
2019-08-19 10:34:46,772 1360   [           main] DEBUG            dao.UserDao.findAll  - <==      Total: 7
2019-08-19 10:34:46,789 1377   [           main] DEBUG ansaction.jdbc.JdbcTransaction  - Resetting autocommit to true on JDBC Connection [com.mysql.cj.jdbc.ConnectionImpl@41dd05a]
2019-08-19 10:34:46,791 1379   [           main] DEBUG ansaction.jdbc.JdbcTransaction  - Closing JDBC Connection [com.mysql.cj.jdbc.ConnectionImpl@41dd05a]
2019-08-19 10:34:46,791 1379   [           main] DEBUG source.pooled.PooledDataSource  - Returned connection 69062746 to pool.
2019-08-19 10:35:03,614 0      [           main] DEBUG ache.ibatis.logging.LogFactory  - Logging initialized using 'class org.apache.ibatis.logging.log4j.Log4jImpl' adapter.
2019-08-19 10:35:03,731 117    [           main] DEBUG source.pooled.PooledDataSource  - PooledDataSource forcefully closed/removed all connections.
2019-08-19 10:35:03,731 117    [           main] DEBUG source.pooled.PooledDataSource  - PooledDataSource forcefully closed/removed all connections.
2019-08-19 10:35:03,731 117    [           main] DEBUG source.pooled.PooledDataSource  - PooledDataSource forcefully closed/removed all connections.
2019-08-19 10:35:03,731 117    [           main] DEBUG source.pooled.PooledDataSource  - PooledDataSource forcefully closed/removed all connections.
2019-08-19 10:35:03,787 173    [           main] DEBUG ansaction.jdbc.JdbcTransaction  - Opening JDBC Connection
2019-08-19 10:35:04,785 1171   [           main] DEBUG source.pooled.PooledDataSource  - Created connection 1643141512.
2019-08-19 10:35:04,786 1172   [           main] DEBUG ansaction.jdbc.JdbcTransaction  - Setting autocommit to false on JDBC Connection [com.mysql.cj.jdbc.ConnectionImpl@61f05988]
2019-08-19 10:35:04,792 1178   [           main] DEBUG            dao.UserDao.findAll  - ==>  Preparing: select * from user 
2019-08-19 10:35:04,857 1243   [           main] DEBUG            dao.UserDao.findAll  - ==> Parameters: 
2019-08-19 10:35:04,925 1311   [           main] DEBUG            dao.UserDao.findAll  - <==      Total: 7
2019-08-19 10:35:04,964 1350   [           main] DEBUG ansaction.jdbc.JdbcTransaction  - Resetting autocommit to true on JDBC Connection [com.mysql.cj.jdbc.ConnectionImpl@61f05988]
2019-08-19 10:35:04,968 1354   [           main] DEBUG ansaction.jdbc.JdbcTransaction  - Closing JDBC Connection [com.mysql.cj.jdbc.ConnectionImpl@61f05988]
2019-08-19 10:35:04,968 1354   [           main] DEBUG source.pooled.PooledDataSource  - Returned connection 1643141512 to pool.
2019-08-19 10:35:09,991 0      [           main] DEBUG ache.ibatis.logging.LogFactory  - Logging initialized using 'class org.apache.ibatis.logging.log4j.Log4jImpl' adapter.
2019-08-19 10:35:10,187 196    [           main] DEBUG source.pooled.PooledDataSource  - PooledDataSource forcefully closed/removed all connections.
2019-08-19 10:35:10,188 197    [           main] DEBUG source.pooled.PooledDataSource  - PooledDataSource forcefully closed/removed all connections.
2019-08-19 10:35:10,188 197    [           main] DEBUG source.pooled.PooledDataSource  - PooledDataSource forcefully closed/removed all connections.
2019-08-19 10:35:10,188 197    [           main] DEBUG source.pooled.PooledDataSource  - PooledDataSource forcefully closed/removed all connections.
2019-08-19 10:35:10,263 272    [           main] DEBUG ansaction.jdbc.JdbcTransaction  - Opening JDBC Connection
2019-08-19 10:35:11,289 1298   [           main] DEBUG source.pooled.PooledDataSource  - Created connection 1896074070.
2019-08-19 10:35:11,289 1298   [           main] DEBUG ansaction.jdbc.JdbcTransaction  - Setting autocommit to false on JDBC Connection [com.mysql.cj.jdbc.ConnectionImpl@7103cb56]
2019-08-19 10:35:11,294 1303   [           main] DEBUG           dao.UserDao.findById  - ==>  Preparing: select * from user where id = ? 
2019-08-19 10:35:11,357 1366   [           main] DEBUG           dao.UserDao.findById  - ==> Parameters: 41(Integer)
2019-08-19 10:35:11,417 1426   [           main] DEBUG           dao.UserDao.findById  - <==      Total: 1
2019-08-19 10:35:11,461 1470   [           main] DEBUG ansaction.jdbc.JdbcTransaction  - Resetting autocommit to true on JDBC Connection [com.mysql.cj.jdbc.ConnectionImpl@7103cb56]
2019-08-19 10:35:11,464 1473   [           main] DEBUG ansaction.jdbc.JdbcTransaction  - Closing JDBC Connection [com.mysql.cj.jdbc.ConnectionImpl@7103cb56]
2019-08-19 10:35:11,464 1473   [           main] DEBUG source.pooled.PooledDataSource  - Returned connection 1896074070 to pool.
2019-08-19 10:35:24,096 0      [           main] DEBUG ache.ibatis.logging.LogFactory  - Logging initialized using 'class org.apache.ibatis.logging.log4j.Log4jImpl' adapter.
2019-08-19 10:35:24,233 137    [           main] DEBUG source.pooled.PooledDataSource  - PooledDataSource forcefully closed/removed all connections.
2019-08-19 10:35:24,234 138    [           main] DEBUG source.pooled.PooledDataSource  - PooledDataSource forcefully closed/removed all connections.
2019-08-19 10:35:24,234 138    [           main] DEBUG source.pooled.PooledDataSource  - PooledDataSource forcefully closed/removed all connections.
2019-08-19 10:35:24,234 138    [           main] DEBUG source.pooled.PooledDataSource  - PooledDataSource forcefully closed/removed all connections.
2019-08-19 10:35:24,287 191    [           main] DEBUG ansaction.jdbc.JdbcTransaction  - Opening JDBC Connection
2019-08-19 10:35:25,276 1180   [           main] DEBUG source.pooled.PooledDataSource  - Created connection 1740826931.
2019-08-19 10:35:25,277 1181   [           main] DEBUG ansaction.jdbc.JdbcTransaction  - Setting autocommit to false on JDBC Connection [com.mysql.cj.jdbc.ConnectionImpl@67c2e933]
2019-08-19 10:35:25,283 1187   [           main] DEBUG         dao.UserDao.findByName  - ==>  Preparing: select * from user where username like ? 
2019-08-19 10:35:25,350 1254   [           main] DEBUG         dao.UserDao.findByName  - ==> Parameters: %王%(String)
2019-08-19 10:35:25,409 1313   [           main] DEBUG         dao.UserDao.findByName  - <==      Total: 3
2019-08-19 10:35:25,444 1348   [           main] DEBUG ansaction.jdbc.JdbcTransaction  - Resetting autocommit to true on JDBC Connection [com.mysql.cj.jdbc.ConnectionImpl@67c2e933]
2019-08-19 10:35:25,448 1352   [           main] DEBUG ansaction.jdbc.JdbcTransaction  - Closing JDBC Connection [com.mysql.cj.jdbc.ConnectionImpl@67c2e933]
2019-08-19 10:35:25,448 1352   [           main] DEBUG source.pooled.PooledDataSource  - Returned connection 1740826931 to pool.
2019-08-19 10:35:31,210 0      [           main] DEBUG ache.ibatis.logging.LogFactory  - Logging initialized using 'class org.apache.ibatis.logging.log4j.Log4jImpl' adapter.
2019-08-19 10:35:31,331 121    [           main] DEBUG source.pooled.PooledDataSource  - PooledDataSource forcefully closed/removed all connections.
2019-08-19 10:35:31,331 121    [           main] DEBUG source.pooled.PooledDataSource  - PooledDataSource forcefully closed/removed all connections.
2019-08-19 10:35:31,331 121    [           main] DEBUG source.pooled.PooledDataSource  - PooledDataSource forcefully closed/removed all connections.
2019-08-19 10:35:31,332 122    [           main] DEBUG source.pooled.PooledDataSource  - PooledDataSource forcefully closed/removed all connections.
2019-08-19 10:35:31,406 196    [           main] DEBUG ansaction.jdbc.JdbcTransaction  - Opening JDBC Connection
2019-08-19 10:35:32,401 1191   [           main] DEBUG source.pooled.PooledDataSource  - Created connection 1643141512.
2019-08-19 10:35:32,401 1191   [           main] DEBUG ansaction.jdbc.JdbcTransaction  - Setting autocommit to false on JDBC Connection [com.mysql.cj.jdbc.ConnectionImpl@61f05988]
2019-08-19 10:35:32,407 1197   [           main] DEBUG          dao.UserDao.findTotal  - ==>  Preparing: select count(id) from user 
2019-08-19 10:35:32,471 1261   [           main] DEBUG          dao.UserDao.findTotal  - ==> Parameters: 
2019-08-19 10:35:32,533 1323   [           main] DEBUG          dao.UserDao.findTotal  - <==      Total: 1
2019-08-19 10:35:32,535 1325   [           main] DEBUG ansaction.jdbc.JdbcTransaction  - Resetting autocommit to true on JDBC Connection [com.mysql.cj.jdbc.ConnectionImpl@61f05988]
2019-08-19 10:35:32,538 1328   [           main] DEBUG ansaction.jdbc.JdbcTransaction  - Closing JDBC Connection [com.mysql.cj.jdbc.ConnectionImpl@61f05988]
2019-08-19 10:35:32,538 1328   [           main] DEBUG source.pooled.PooledDataSource  - Returned connection 1643141512 to pool.
2019-09-15 16:56:15,741 0      [           main] DEBUG ache.ibatis.logging.LogFactory  - Logging initialized using 'class org.apache.ibatis.logging.log4j.Log4jImpl' adapter.
2019-09-15 16:56:15,853 112    [           main] DEBUG source.pooled.PooledDataSource  - PooledDataSource forcefully closed/removed all connections.
2019-09-15 16:56:15,853 112    [           main] DEBUG source.pooled.PooledDataSource  - PooledDataSource forcefully closed/removed all connections.
2019-09-15 16:56:15,854 113    [           main] DEBUG source.pooled.PooledDataSource  - PooledDataSource forcefully closed/removed all connections.
2019-09-15 16:56:15,854 113    [           main] DEBUG source.pooled.PooledDataSource  - PooledDataSource forcefully closed/removed all connections.
2019-09-15 16:56:15,910 169    [           main] DEBUG ansaction.jdbc.JdbcTransaction  - Opening JDBC Connection
2019-09-15 16:56:16,729 988    [           main] DEBUG source.pooled.PooledDataSource  - Created connection 412788346.
2019-09-15 16:56:16,729 988    [           main] DEBUG ansaction.jdbc.JdbcTransaction  - Setting autocommit to false on JDBC Connection [com.mysql.cj.jdbc.ConnectionImpl@189aa67a]
2019-09-15 16:56:16,734 993    [           main] DEBUG          dao.UserDao.findTotal  - ==>  Preparing: select count(id) from user 
2019-09-15 16:56:16,790 1049   [           main] DEBUG          dao.UserDao.findTotal  - ==> Parameters: 
2019-09-15 16:56:16,863 1122   [           main] DEBUG          dao.UserDao.findTotal  - <==      Total: 1
2019-09-15 16:56:16,866 1125   [           main] DEBUG ansaction.jdbc.JdbcTransaction  - Resetting autocommit to true on JDBC Connection [com.mysql.cj.jdbc.ConnectionImpl@189aa67a]
2019-09-15 16:56:16,867 1126   [           main] DEBUG ansaction.jdbc.JdbcTransaction  - Closing JDBC Connection [com.mysql.cj.jdbc.ConnectionImpl@189aa67a]
2019-09-15 16:56:16,867 1126   [           main] DEBUG source.pooled.PooledDataSource  - Returned connection 412788346 to pool.
2019-09-15 16:56:24,224 0      [           main] DEBUG ache.ibatis.logging.LogFactory  - Logging initialized using 'class org.apache.ibatis.logging.log4j.Log4jImpl' adapter.
2019-09-15 16:56:24,319 95     [           main] DEBUG source.pooled.PooledDataSource  - PooledDataSource forcefully closed/removed all connections.
2019-09-15 16:56:24,319 95     [           main] DEBUG source.pooled.PooledDataSource  - PooledDataSource forcefully closed/removed all connections.
2019-09-15 16:56:24,320 96     [           main] DEBUG source.pooled.PooledDataSource  - PooledDataSource forcefully closed/removed all connections.
2019-09-15 16:56:24,320 96     [           main] DEBUG source.pooled.PooledDataSource  - PooledDataSource forcefully closed/removed all connections.
2019-09-15 16:56:24,371 147    [           main] DEBUG ansaction.jdbc.JdbcTransaction  - Opening JDBC Connection
2019-09-15 16:56:25,117 893    [           main] DEBUG source.pooled.PooledDataSource  - Created connection 288306765.
2019-09-15 16:56:25,117 893    [           main] DEBUG ansaction.jdbc.JdbcTransaction  - Setting autocommit to false on JDBC Connection [com.mysql.cj.jdbc.ConnectionImpl@112f364d]
2019-09-15 16:56:25,120 896    [           main] DEBUG            dao.UserDao.findAll  - ==>  Preparing: select * from user 
2019-09-15 16:56:25,176 952    [           main] DEBUG            dao.UserDao.findAll  - ==> Parameters: 
2019-09-15 16:56:25,232 1008   [           main] DEBUG            dao.UserDao.findAll  - <==      Total: 6
2019-09-15 16:56:25,257 1033   [           main] DEBUG ansaction.jdbc.JdbcTransaction  - Resetting autocommit to true on JDBC Connection [com.mysql.cj.jdbc.ConnectionImpl@112f364d]
2019-09-15 16:56:25,259 1035   [           main] DEBUG ansaction.jdbc.JdbcTransaction  - Closing JDBC Connection [com.mysql.cj.jdbc.ConnectionImpl@112f364d]
2019-09-15 16:56:25,259 1035   [           main] DEBUG source.pooled.PooledDataSource  - Returned connection 288306765 to pool.
2019-09-15 16:57:23,278 0      [           main] DEBUG ache.ibatis.logging.LogFactory  - Logging initialized using 'class org.apache.ibatis.logging.log4j.Log4jImpl' adapter.
2019-09-15 16:57:23,385 107    [           main] DEBUG source.pooled.PooledDataSource  - PooledDataSource forcefully closed/removed all connections.
2019-09-15 16:57:23,385 107    [           main] DEBUG source.pooled.PooledDataSource  - PooledDataSource forcefully closed/removed all connections.
2019-09-15 16:57:23,385 107    [           main] DEBUG source.pooled.PooledDataSource  - PooledDataSource forcefully closed/removed all connections.
2019-09-15 16:57:23,385 107    [           main] DEBUG source.pooled.PooledDataSource  - PooledDataSource forcefully closed/removed all connections.
2019-09-15 16:57:23,437 159    [           main] DEBUG ansaction.jdbc.JdbcTransaction  - Opening JDBC Connection
2019-09-15 16:57:24,153 875    [           main] DEBUG source.pooled.PooledDataSource  - Created connection 1495608502.
2019-09-15 16:57:24,154 876    [           main] DEBUG ansaction.jdbc.JdbcTransaction  - Setting autocommit to false on JDBC Connection [com.mysql.cj.jdbc.ConnectionImpl@59252cb6]
2019-09-15 16:57:24,157 879    [           main] DEBUG           dao.UserDao.findById  - ==>  Preparing: select * from user where id = ? 
2019-09-15 16:57:24,206 928    [           main] DEBUG           dao.UserDao.findById  - ==> Parameters: 41(Integer)
2019-09-15 16:57:24,259 981    [           main] DEBUG           dao.UserDao.findById  - <==      Total: 1
2019-09-15 16:57:24,288 1010   [           main] DEBUG ansaction.jdbc.JdbcTransaction  - Resetting autocommit to true on JDBC Connection [com.mysql.cj.jdbc.ConnectionImpl@59252cb6]
2019-09-15 16:57:24,289 1011   [           main] DEBUG ansaction.jdbc.JdbcTransaction  - Closing JDBC Connection [com.mysql.cj.jdbc.ConnectionImpl@59252cb6]
2019-09-15 16:57:24,289 1011   [           main] DEBUG source.pooled.PooledDataSource  - Returned connection 1495608502 to pool.
2019-09-20 08:55:01,690 0      [           main] DEBUG ache.ibatis.logging.LogFactory  - Logging initialized using 'class org.apache.ibatis.logging.log4j.Log4jImpl' adapter.
2019-09-20 08:55:01,788 98     [           main] DEBUG source.pooled.PooledDataSource  - PooledDataSource forcefully closed/removed all connections.
2019-09-20 08:55:01,789 99     [           main] DEBUG source.pooled.PooledDataSource  - PooledDataSource forcefully closed/removed all connections.
2019-09-20 08:55:01,789 99     [           main] DEBUG source.pooled.PooledDataSource  - PooledDataSource forcefully closed/removed all connections.
2019-09-20 08:55:01,789 99     [           main] DEBUG source.pooled.PooledDataSource  - PooledDataSource forcefully closed/removed all connections.
2019-09-20 08:55:01,901 211    [           main] DEBUG ansaction.jdbc.JdbcTransaction  - Opening JDBC Connection
2019-09-20 08:56:07,439 0      [           main] DEBUG ache.ibatis.logging.LogFactory  - Logging initialized using 'class org.apache.ibatis.logging.log4j.Log4jImpl' adapter.
2019-09-20 08:56:07,559 120    [           main] DEBUG source.pooled.PooledDataSource  - PooledDataSource forcefully closed/removed all connections.
2019-09-20 08:56:07,560 121    [           main] DEBUG source.pooled.PooledDataSource  - PooledDataSource forcefully closed/removed all connections.
2019-09-20 08:56:07,560 121    [           main] DEBUG source.pooled.PooledDataSource  - PooledDataSource forcefully closed/removed all connections.
2019-09-20 08:56:07,560 121    [           main] DEBUG source.pooled.PooledDataSource  - PooledDataSource forcefully closed/removed all connections.
2019-09-20 08:56:07,656 217    [           main] DEBUG ansaction.jdbc.JdbcTransaction  - Opening JDBC Connection
2019-09-20 08:56:08,446 1007   [           main] DEBUG source.pooled.PooledDataSource  - Created connection 1936550492.
2019-09-20 08:56:08,446 1007   [           main] DEBUG ansaction.jdbc.JdbcTransaction  - Setting autocommit to false on JDBC Connection [com.mysql.cj.jdbc.ConnectionImpl@736d6a5c]
2019-09-20 08:56:08,451 1012   [           main] DEBUG       dao.UserDao.findByColumn  - ==>  Preparing: select * from user where id = ? 
2019-09-20 08:56:08,505 1066   [           main] DEBUG       dao.UserDao.findByColumn  - ==> Parameters: 41(String)
2019-09-20 08:56:08,551 1112   [           main] DEBUG       dao.UserDao.findByColumn  - <==      Total: 1
2019-09-20 08:56:08,554 1115   [           main] DEBUG         dao.UserDao.updateUser  - ==>  Preparing: update user set username=?,birthday=?,sex=?,address=? where id=? 
2019-09-20 08:56:08,567 1128   [           main] DEBUG         dao.UserDao.updateUser  - ==> Parameters: 老王(String), 2018-02-28 01:47:08.0(Timestamp), 男(String), 北京(String), 41(Long)
2019-09-20 08:56:08,570 1131   [           main] DEBUG         dao.UserDao.updateUser  - <==    Updates: 1
2019-09-20 08:56:08,571 1132   [           main] DEBUG ansaction.jdbc.JdbcTransaction  - Committing JDBC Connection [com.mysql.cj.jdbc.ConnectionImpl@736d6a5c]
2019-09-20 08:56:08,670 1231   [           main] DEBUG ansaction.jdbc.JdbcTransaction  - Resetting autocommit to true on JDBC Connection [com.mysql.cj.jdbc.ConnectionImpl@736d6a5c]
2019-09-20 08:56:08,673 1234   [           main] DEBUG ansaction.jdbc.JdbcTransaction  - Closing JDBC Connection [com.mysql.cj.jdbc.ConnectionImpl@736d6a5c]
2019-09-20 08:56:08,673 1234   [           main] DEBUG source.pooled.PooledDataSource  - Returned connection 1936550492 to pool.
2019-09-20 08:56:24,141 0      [           main] DEBUG ache.ibatis.logging.LogFactory  - Logging initialized using 'class org.apache.ibatis.logging.log4j.Log4jImpl' adapter.
2019-09-20 08:56:24,260 119    [           main] DEBUG source.pooled.PooledDataSource  - PooledDataSource forcefully closed/removed all connections.
2019-09-20 08:56:24,260 119    [           main] DEBUG source.pooled.PooledDataSource  - PooledDataSource forcefully closed/removed all connections.
2019-09-20 08:56:24,260 119    [           main] DEBUG source.pooled.PooledDataSource  - PooledDataSource forcefully closed/removed all connections.
2019-09-20 08:56:24,260 119    [           main] DEBUG source.pooled.PooledDataSource  - PooledDataSource forcefully closed/removed all connections.
2019-09-20 08:56:24,359 218    [           main] DEBUG ansaction.jdbc.JdbcTransaction  - Opening JDBC Connection
2019-09-20 08:56:25,128 987    [           main] DEBUG source.pooled.PooledDataSource  - Created connection 594651850.
2019-09-20 08:56:25,129 988    [           main] DEBUG ansaction.jdbc.JdbcTransaction  - Setting autocommit to false on JDBC Connection [com.mysql.cj.jdbc.ConnectionImpl@2371aaca]
2019-09-20 08:56:25,133 992    [           main] DEBUG       dao.UserDao.findByColumn  - ==>  Preparing: select * from user where id = ? 
2019-09-20 08:56:25,185 1044   [           main] DEBUG       dao.UserDao.findByColumn  - ==> Parameters: 41(String)
2019-09-20 08:56:25,225 1084   [           main] DEBUG       dao.UserDao.findByColumn  - <==      Total: 1
2019-09-20 08:56:25,263 1122   [           main] DEBUG ansaction.jdbc.JdbcTransaction  - Resetting autocommit to true on JDBC Connection [com.mysql.cj.jdbc.ConnectionImpl@2371aaca]
2019-09-20 08:56:25,266 1125   [           main] DEBUG ansaction.jdbc.JdbcTransaction  - Closing JDBC Connection [com.mysql.cj.jdbc.ConnectionImpl@2371aaca]
2019-09-20 08:56:25,266 1125   [           main] DEBUG source.pooled.PooledDataSource  - Returned connection 594651850 to pool.
2019-09-20 08:56:44,791 0      [           main] DEBUG ache.ibatis.logging.LogFactory  - Logging initialized using 'class org.apache.ibatis.logging.log4j.Log4jImpl' adapter.
2019-09-20 08:56:44,909 118    [           main] DEBUG source.pooled.PooledDataSource  - PooledDataSource forcefully closed/removed all connections.
2019-09-20 08:56:44,909 118    [           main] DEBUG source.pooled.PooledDataSource  - PooledDataSource forcefully closed/removed all connections.
2019-09-20 08:56:44,909 118    [           main] DEBUG source.pooled.PooledDataSource  - PooledDataSource forcefully closed/removed all connections.
2019-09-20 08:56:44,909 118    [           main] DEBUG source.pooled.PooledDataSource  - PooledDataSource forcefully closed/removed all connections.
2019-09-20 08:56:44,953 162    [           main] DEBUG ansaction.jdbc.JdbcTransaction  - Opening JDBC Connection
2019-09-20 08:56:45,750 959    [           main] DEBUG source.pooled.PooledDataSource  - Created connection 263053820.
2019-09-20 08:56:45,750 959    [           main] DEBUG ansaction.jdbc.JdbcTransaction  - Setting autocommit to false on JDBC Connection [com.mysql.cj.jdbc.ConnectionImpl@fade1fc]
2019-09-20 08:56:45,755 964    [           main] DEBUG            dao.UserDao.findAll  - ==>  Preparing: select * from user 
2019-09-20 08:56:45,808 1017   [           main] DEBUG            dao.UserDao.findAll  - ==> Parameters: 
2019-09-20 08:56:45,850 1059   [           main] DEBUG            dao.UserDao.findAll  - <==      Total: 7
2019-09-20 08:56:45,881 1090   [           main] DEBUG ansaction.jdbc.JdbcTransaction  - Resetting autocommit to true on JDBC Connection [com.mysql.cj.jdbc.ConnectionImpl@fade1fc]
2019-09-20 08:56:45,883 1092   [           main] DEBUG ansaction.jdbc.JdbcTransaction  - Closing JDBC Connection [com.mysql.cj.jdbc.ConnectionImpl@fade1fc]
2019-09-20 08:56:45,884 1093   [           main] DEBUG source.pooled.PooledDataSource  - Returned connection 263053820 to pool.
2019-09-20 08:56:53,791 0      [           main] DEBUG ache.ibatis.logging.LogFactory  - Logging initialized using 'class org.apache.ibatis.logging.log4j.Log4jImpl' adapter.
2019-09-20 08:56:53,977 186    [           main] DEBUG source.pooled.PooledDataSource  - PooledDataSource forcefully closed/removed all connections.
2019-09-20 08:56:53,978 187    [           main] DEBUG source.pooled.PooledDataSource  - PooledDataSource forcefully closed/removed all connections.
2019-09-20 08:56:53,978 187    [           main] DEBUG source.pooled.PooledDataSource  - PooledDataSource forcefully closed/removed all connections.
2019-09-20 08:56:53,978 187    [           main] DEBUG source.pooled.PooledDataSource  - PooledDataSource forcefully closed/removed all connections.
2019-09-20 08:56:54,084 293    [           main] DEBUG ansaction.jdbc.JdbcTransaction  - Opening JDBC Connection
2019-09-20 08:56:54,861 1070   [           main] DEBUG source.pooled.PooledDataSource  - Created connection 2069500590.
2019-09-20 08:56:54,862 1071   [           main] DEBUG ansaction.jdbc.JdbcTransaction  - Setting autocommit to false on JDBC Connection [com.mysql.cj.jdbc.ConnectionImpl@7b5a12ae]
2019-09-20 08:56:54,866 1075   [           main] DEBUG       dao.UserDao.findByColumn  - ==>  Preparing: select * from user where username = ? 
2019-09-20 08:56:54,917 1126   [           main] DEBUG       dao.UserDao.findByColumn  - ==> Parameters: 老王(String)
2019-09-20 08:56:54,962 1171   [           main] DEBUG       dao.UserDao.findByColumn  - <==      Total: 2
2019-09-20 08:56:54,964 1173   [           main] DEBUG ansaction.jdbc.JdbcTransaction  - Resetting autocommit to true on JDBC Connection [com.mysql.cj.jdbc.ConnectionImpl@7b5a12ae]
2019-09-20 08:56:54,965 1174   [           main] DEBUG ansaction.jdbc.JdbcTransaction  - Closing JDBC Connection [com.mysql.cj.jdbc.ConnectionImpl@7b5a12ae]
2019-09-20 08:56:54,966 1175   [           main] DEBUG source.pooled.PooledDataSource  - Returned connection 2069500590 to pool.
2019-09-20 08:58:52,513 0      [           main] DEBUG ache.ibatis.logging.LogFactory  - Logging initialized using 'class org.apache.ibatis.logging.log4j.Log4jImpl' adapter.
2019-09-20 08:58:52,628 115    [           main] DEBUG source.pooled.PooledDataSource  - PooledDataSource forcefully closed/removed all connections.
2019-09-20 08:58:52,628 115    [           main] DEBUG source.pooled.PooledDataSource  - PooledDataSource forcefully closed/removed all connections.
2019-09-20 08:58:52,628 115    [           main] DEBUG source.pooled.PooledDataSource  - PooledDataSource forcefully closed/removed all connections.
2019-09-20 08:58:52,629 116    [           main] DEBUG source.pooled.PooledDataSource  - PooledDataSource forcefully closed/removed all connections.
2019-09-20 08:58:52,727 214    [           main] DEBUG ansaction.jdbc.JdbcTransaction  - Opening JDBC Connection
2019-09-20 08:58:53,508 995    [           main] DEBUG source.pooled.PooledDataSource  - Created connection 1936550492.
2019-09-20 08:58:53,508 995    [           main] DEBUG ansaction.jdbc.JdbcTransaction  - Setting autocommit to false on JDBC Connection [com.mysql.cj.jdbc.ConnectionImpl@736d6a5c]
2019-09-20 08:58:53,514 1001   [           main] DEBUG       dao.UserDao.findByColumn  - ==>  Preparing: select * from user where username = ? 
2019-09-20 08:58:53,561 1048   [           main] DEBUG       dao.UserDao.findByColumn  - ==> Parameters: 老王(String)
2019-09-20 08:58:53,599 1086   [           main] DEBUG       dao.UserDao.findByColumn  - <==      Total: 2
2019-09-20 08:58:53,628 1115   [           main] DEBUG ansaction.jdbc.JdbcTransaction  - Resetting autocommit to true on JDBC Connection [com.mysql.cj.jdbc.ConnectionImpl@736d6a5c]
2019-09-20 08:58:53,630 1117   [           main] DEBUG ansaction.jdbc.JdbcTransaction  - Closing JDBC Connection [com.mysql.cj.jdbc.ConnectionImpl@736d6a5c]
2019-09-20 08:58:53,630 1117   [           main] DEBUG source.pooled.PooledDataSource  - Returned connection 1936550492 to pool.
